                   ============
                      SYMMOL
  A PROGRAM FOR THE SYMMETRIZATION OF GROUPS OF ATOMS
        By Tullio Pilati and Alessandra Forni
                Version November 4th 2002
  ===================================================


  INDWGH=2 ===> UNITARY WEIGHTS
  INDTOL=1 ===> TOLERANCE=CONSTANT
  CONSTANTS OF TOLERANCE=  0.500  0.500


  CELL
   1.00000   1.00000   1.00000    90.000    90.000    90.000    1.00000


  ATOM GROUP  INPUT COORDINATES AND THEIR S.U.

 At     1 437.90000  0.45441  0.12840 54.34700  0.00000  0.00000
 At     1 440.30000  0.45439  0.82240 54.78900  0.00000  0.00000
 At     1 441.50000  0.85442  0.20640 54.92800  0.00000  0.00000
 At     1 439.20000  0.11443  0.52340 54.74300  0.00000  0.00000
 At     1 438.20000  0.17439  0.23240 56.33900  0.00000  0.00000
 At     1 437.10000  0.21442  0.86940 56.24600  0.00000  0.00000
 At     1 437.40000  0.87441  0.09440 58.15000  0.00000  0.00000
 At     1 441.90000  0.21440  0.10140 56.79300  0.00000  0.00000
 At     1 439.80000  0.19439  0.54040 58.43200  0.00000  0.00000
 At     1 439.60000  0.17441  0.53340 56.76700  0.00000  0.00000
 At     1 440.80000  0.93444  0.10240 56.74300  0.00000  0.00000
 At     1 438.60000  0.12443  0.67540 58.41200  0.00000  0.00000


           SYMMETRIZATION OF GROUP NR. 1


 PRINCIPAL INERTIA MOMENTS and DEGENERATION DEGREE
     28.84     27.83      1.93         2

 NO SYMMETRY EXISTS WITHIN GIVEN TOLERANCE
